21:35:26: Creating resource group General
21:35:26: Creating resource group Internal
21:35:26: Creating resource group Autodetect
21:35:26: SceneManagerFactory for type 'DefaultSceneManager' registered.
21:35:26: Registering ResourceManager for type Material
21:35:26: Registering ResourceManager for type Mesh
21:35:26: Registering ResourceManager for type Skeleton
21:35:26: MovableObjectFactory for type 'ParticleSystem' registered.
21:35:26: OverlayElementFactory for type Panel registered.
21:35:26: OverlayElementFactory for type BorderPanel registered.
21:35:26: OverlayElementFactory for type TextArea registered.
21:35:26: Registering ResourceManager for type Font
21:35:26: ArchiveFactory for archive type FileSystem registered.
21:35:26: ArchiveFactory for archive type Zip registered.
21:35:26: DDS codec registering
21:35:26: FreeImage version: 3.15.1
21:35:26: This program uses FreeImage, a free, open source image library supporting all common bitmap formats. See http://freeimage.sourceforge.net for details
21:35:26: Supported formats: bmp,ico,jpg,jif,jpeg,jpe,jng,koa,iff,lbm,mng,pbm,pbm,pcd,pcx,pgm,pgm,png,ppm,ppm,ras,tga,targa,tif,tiff,wap,wbmp,wbm,psd,cut,xbm,xpm,gif,hdr,g3,sgi,exr,j2k,j2c,jp2,pfm,pct,pict,pic,3fr,arw,bay,bmq,cap,cine,cr2,crw,cs1,dc2,dcr,drf,dsc,dng,erf,fff,ia,iiq,k25,kc2,kdc,mdc,mef,mos,mrw,nef,nrw,orf,pef,ptx,pxn,qtk,raf,raw,rdc,rw2,rwl,rwz,sr2,srf,sti
21:35:26: Registering ResourceManager for type HighLevelGpuProgram
21:35:26: Registering ResourceManager for type Compositor
21:35:26: MovableObjectFactory for type 'Entity' registered.
21:35:26: MovableObjectFactory for type 'Light' registered.
21:35:26: MovableObjectFactory for type 'BillboardSet' registered.
21:35:26: MovableObjectFactory for type 'ManualObject' registered.
21:35:26: MovableObjectFactory for type 'BillboardChain' registered.
21:35:26: MovableObjectFactory for type 'RibbonTrail' registered.
21:35:26: OGRE EXCEPTION(6:FileNotFoundException): 'plugins.cfg' file not found! in ConfigFile::load at /tmp/buildd/ros-fuerte-visualization-common-1.8.4/debian/ros-fuerte-visualization-common/opt/ros/fuerte/stacks/visualization_common/ogre/build/ogre_src_v1-7-3/OgreMain/src/OgreConfigFile.cpp (line 83)
21:35:26: plugins.cfg not found, automatic plugin loading disabled.
21:35:26: *-*-* OGRE Initialising
21:35:26: *-*-* Version 1.7.3 (Cthugha)
21:35:26: Loading library RenderSystem_GL
21:35:26: Installing plugin: GL RenderSystem
21:35:26: OpenGL Rendering Subsystem created.
21:35:26: Plugin successfully installed
21:35:26: Loading library Plugin_OctreeSceneManager
21:35:26: Installing plugin: Octree & Terrain Scene Manager
21:35:26: Plugin successfully installed
21:35:26: Loading library Plugin_ParticleFX
21:35:26: Installing plugin: ParticleFX
21:35:26: Particle Emitter Type 'Point' registered
21:35:26: Particle Emitter Type 'Box' registered
21:35:26: Particle Emitter Type 'Ellipsoid' registered
21:35:26: Particle Emitter Type 'Cylinder' registered
21:35:26: Particle Emitter Type 'Ring' registered
21:35:26: Particle Emitter Type 'HollowEllipsoid' registered
21:35:26: Particle Affector Type 'LinearForce' registered
21:35:26: Particle Affector Type 'ColourFader' registered
21:35:26: Particle Affector Type 'ColourFader2' registered
21:35:26: Particle Affector Type 'ColourImage' registered
21:35:26: Particle Affector Type 'ColourInterpolator' registered
21:35:26: Particle Affector Type 'Scaler' registered
21:35:26: Particle Affector Type 'Rotator' registered
21:35:26: Particle Affector Type 'DirectionRandomiser' registered
21:35:26: Particle Affector Type 'DeflectorPlane' registered
21:35:26: Plugin successfully installed
21:35:26: Loading library Plugin_CgProgramManager
21:35:26: Installing plugin: Cg Program Manager
21:35:26: Plugin successfully installed
21:35:26: CPU Identifier & Features
21:35:26: -------------------------
21:35:26:  *   CPU ID: GenuineIntel: Intel(R) Core(TM) i7-3630QM CPU @ 2.40GHz
21:35:26:  *      SSE: yes
21:35:26:  *     SSE2: yes
21:35:26:  *     SSE3: yes
21:35:26:  *      MMX: yes
21:35:26:  *   MMXEXT: yes
21:35:26:  *    3DNOW: no
21:35:26:  * 3DNOWEXT: no
21:35:26:  *     CMOV: yes
21:35:26:  *      TSC: yes
21:35:26:  *      FPU: yes
21:35:26:  *      PRO: yes
21:35:26:  *       HT: no
21:35:26: -------------------------
21:35:26: ******************************
*** Starting GLX Subsystem ***
******************************
21:35:26: Creating resource group rviz
21:35:26: Added resource location '/opt/ros/fuerte/stacks/visualization/rviz/ogre_media' of type 'FileSystem' to resource group 'rviz'
21:35:26: Added resource location '/opt/ros/fuerte/stacks/visualization/rviz/ogre_media/textures' of type 'FileSystem' to resource group 'rviz'
21:35:26: Added resource location '/opt/ros/fuerte/stacks/visualization/rviz/ogre_media/fonts' of type 'FileSystem' to resource group 'rviz'
21:35:26: Added resource location '/opt/ros/fuerte/stacks/visualization/rviz/ogre_media/models' of type 'FileSystem' to resource group 'rviz'
21:35:26: Added resource location '/opt/ros/fuerte/stacks/visualization/rviz/ogre_media/materials' of type 'FileSystem' to resource group 'rviz'
21:35:26: Added resource location '/opt/ros/fuerte/stacks/visualization/rviz/ogre_media/materials/scripts' of type 'FileSystem' to resource group 'rviz'
21:35:26: Added resource location '/opt/ros/fuerte/stacks/visualization/rviz/ogre_media/materials/programs' of type 'FileSystem' to resource group 'rviz'
21:35:26: GLRenderSystem::_createRenderWindow "OgreWindow(0)", 1x1 windowed  miscParams: externalGLControl= macAPI=carbon parentWindowHandle=94371841 
21:35:26: GLXWindow::create used FBConfigID = 117
21:35:26: GL_VERSION = 3.0 Mesa 8.0.4
21:35:26: GL_VENDOR = Tungsten Graphics, Inc
21:35:26: GL_RENDERER = Mesa DRI Intel(R) Ivybridge Mobile 
21:35:26: GL_EXTENSIONS = GL_ARB_multisample GL_EXT_abgr GL_EXT_bgra GL_EXT_blend_color GL_EXT_blend_minmax GL_EXT_blend_subtract GL_EXT_copy_texture GL_EXT_polygon_offset GL_EXT_subtexture GL_EXT_texture_object GL_EXT_vertex_array GL_EXT_compiled_vertex_array GL_EXT_texture GL_EXT_texture3D GL_IBM_rasterpos_clip GL_ARB_point_parameters GL_EXT_draw_range_elements GL_EXT_packed_pixels GL_EXT_point_parameters GL_EXT_rescale_normal GL_EXT_separate_specular_color GL_EXT_texture_edge_clamp GL_SGIS_generate_mipmap GL_SGIS_texture_border_clamp GL_SGIS_texture_edge_clamp GL_SGIS_texture_lod GL_ARB_framebuffer_sRGB GL_ARB_multitexture GL_EXT_framebuffer_sRGB GL_IBM_multimode_draw_arrays GL_IBM_texture_mirrored_repeat GL_3DFX_texture_compression_FXT1 GL_ARB_texture_cube_map GL_ARB_texture_env_add GL_ARB_transpose_matrix GL_EXT_blend_func_separate GL_EXT_fog_coord GL_EXT_multi_draw_arrays GL_EXT_secondary_color GL_EXT_texture_env_add GL_EXT_texture_filter_anisotropic GL_EXT_texture_lod_bias GL_INGR_blend_func_separate GL_NV_blend_square GL_NV_light_max_exponent GL_NV_texgen_reflection GL_NV_texture_env_combine4 GL_SUN_multi_draw_arrays GL_ARB_texture_border_clamp GL_ARB_texture_compression GL_EXT_framebuffer_object GL_EXT_texture_env_combine GL_EXT_texture_env_dot3 GL_MESA_window_pos GL_NV_packed_depth_stencil GL_NV_texture_rectangle GL_NV_vertex_program GL_ARB_depth_texture GL_ARB_occlusion_query GL_ARB_shadow GL_ARB_texture_env_combine GL_ARB_texture_env_crossbar GL_ARB_texture_env_dot3 GL_ARB_texture_mirrored_repeat GL_ARB_window_pos GL_ATI_envmap_bumpmap GL_EXT_stencil_two_side GL_EXT_texture_cube_map GL_NV_depth_clamp GL_NV_vertex_program1_1 GL_APPLE_packed_pixels GL_APPLE_vertex_array_object GL_ARB_draw_buffers GL_ARB_fragment_program GL_ARB_fragment_shader GL_ARB_shader_objects GL_ARB_vertex_program GL_ARB_vertex_shader GL_ATI_draw_buffers GL_ATI_texture_env_combine3 GL_ATI_texture_float GL_EXT_shadow_funcs GL_EXT_stencil_wrap GL_MESA_pack_invert GL_MESA_ycbcr_texture GL_ARB_depth_clamp GL_ARB_fragment_program_shadow GL_ARB_half_float_pixel GL_ARB_point_sprite GL_ARB_shading_language_100 GL_ARB_sync GL_ARB_texture_non_power_of_two GL_ARB_vertex_buffer_object GL_ATI_blend_equation_separate GL_EXT_blend_equation_separate GL_OES_read_format GL_ARB_color_buffer_float GL_ARB_pixel_buffer_object GL_ARB_texture_compression_rgtc GL_ARB_texture_float GL_ARB_texture_rectangle GL_EXT_packed_float GL_EXT_pixel_buffer_object GL_EXT_texture_compression_rgtc GL_EXT_texture_rectangle GL_EXT_texture_sRGB GL_EXT_texture_shared_exponent GL_ARB_framebuffer_object GL_EXT_framebuffer_blit GL_EXT_framebuffer_multisample GL_EXT_packed_depth_stencil GL_APPLE_object_purgeable GL_ARB_vertex_array_object GL_ATI_separate_stencil GL_EXT_draw_buffers2 GL_EXT_gpu_program_parameters GL_EXT_texture_array GL_EXT_texture_integer GL_EXT_texture_sRGB_decode GL_EXT_timer_query GL_OES_EGL_image GL_MESA_texture_array GL_ARB_copy_buffer GL_ARB_depth_buffer_float GL_ARB_half_float_vertex GL_ARB_map_buffer_range GL_ARB_texture_rg GL_ARB_texture_swizzle GL_ARB_vertex_array_bgra GL_EXT_separate_shader_objects GL_EXT_texture_swizzle GL_EXT_vertex_array_bgra GL_NV_conditional_render GL_ARB_ES2_compatibility GL_ARB_draw_elements_base_vertex GL_ARB_explicit_attrib_location GL_ARB_fragment_coord_conventions GL_ARB_provoking_vertex GL_ARB_sampler_objects GL_ARB_seamless_cube_map GL_ARB_shader_texture_lod GL_EXT_provoking_vertex GL_EXT_texture_snorm GL_MESA_texture_signed_rgba GL_ARB_robustness GL_EXT_transform_feedback 
21:35:26: Supported GLX extensions: GLX_ARB_get_proc_address GLX_ARB_multisample GLX_EXT_import_context GLX_EXT_visual_info GLX_EXT_visual_rating GLX_MESA_copy_sub_buffer GLX_MESA_multithread_makecurrent GLX_MESA_swap_control GLX_OML_swap_method GLX_OML_sync_control GLX_SGI_make_current_read GLX_SGI_swap_control GLX_SGI_video_sync GLX_SGIS_multisample GLX_SGIX_fbconfig GLX_SGIX_pbuffer GLX_SGIX_visual_select_group GLX_EXT_texture_from_pixmap 
21:35:26: ***************************
21:35:26: *** GL Renderer Started ***
21:35:26: ***************************
21:35:26: Registering ResourceManager for type GpuProgram
21:35:26: GLSL support detected
21:35:26: GL: Using GL_EXT_framebuffer_object for rendering to textures (best)
21:35:26: FBO PF_UNKNOWN depth/stencil support: D0S1 D0S4 D0S8 D0S16 D16S0 D16S1 D16S4 D16S8 D16S16 D24S0 D24S1 D24S4 D24S8 D24S16 D32S0 D32S1 D32S4 D32S8 D32S16 Packed-D24S8 
21:35:26: FBO PF_A8 depth/stencil support: D0S0 D0S1 D0S4 D0S8 D0S16 D16S0 D16S1 D16S4 D16S8 D16S16 D24S0 D24S1 D24S4 D24S8 D24S16 D32S0 D32S1 D32S4 D32S8 D32S16 Packed-D24S8 
21:35:26: FBO PF_R5G6B5 depth/stencil support: D0S0 D0S1 D0S4 D0S8 D0S16 D16S0 D16S1 D16S4 D16S8 D16S16 D24S0 D24S1 D24S4 D24S8 D24S16 D32S0 D32S1 D32S4 D32S8 D32S16 Packed-D24S8 
21:35:26: FBO PF_B5G6R5 depth/stencil support: D0S0 D0S1 D0S4 D0S8 D0S16 D16S0 D16S1 D16S4 D16S8 D16S16 D24S0 D24S1 D24S4 D24S8 D24S16 D32S0 D32S1 D32S4 D32S8 D32S16 Packed-D24S8 
21:35:26: FBO PF_A4R4G4B4 depth/stencil support: D0S0 D0S1 D0S4 D0S8 D0S16 D16S0 D16S1 D16S4 D16S8 D16S16 D24S0 D24S1 D24S4 D24S8 D24S16 D32S0 D32S1 D32S4 D32S8 D32S16 Packed-D24S8 
21:35:26: FBO PF_A1R5G5B5 depth/stencil support: D0S0 D0S1 D0S4 D0S8 D0S16 D16S0 D16S1 D16S4 D16S8 D16S16 D24S0 D24S1 D24S4 D24S8 D24S16 D32S0 D32S1 D32S4 D32S8 D32S16 Packed-D24S8 
21:35:26: FBO PF_R8G8B8 depth/stencil support: D0S0 D0S1 D0S4 D0S8 D0S16 D16S0 D16S1 D16S4 D16S8 D16S16 D24S0 D24S1 D24S4 D24S8 D24S16 D32S0 D32S1 D32S4 D32S8 D32S16 Packed-D24S8 
21:35:26: FBO PF_B8G8R8 depth/stencil support: D0S0 D0S1 D0S4 D0S8 D0S16 D16S0 D16S1 D16S4 D16S8 D16S16 D24S0 D24S1 D24S4 D24S8 D24S16 D32S0 D32S1 D32S4 D32S8 D32S16 Packed-D24S8 
21:35:26: FBO PF_A8R8G8B8 depth/stencil support: D0S0 D0S1 D0S4 D0S8 D0S16 D16S0 D16S1 D16S4 D16S8 D16S16 D24S0 D24S1 D24S4 D24S8 D24S16 D32S0 D32S1 D32S4 D32S8 D32S16 Packed-D24S8 
21:35:26: FBO PF_B8G8R8A8 depth/stencil support: D0S0 D0S1 D0S4 D0S8 D0S16 D16S0 D16S1 D16S4 D16S8 D16S16 D24S0 D24S1 D24S4 D24S8 D24S16 D32S0 D32S1 D32S4 D32S8 D32S16 Packed-D24S8 
21:35:26: FBO PF_A2R10G10B10 depth/stencil support: D0S0 D0S1 D0S4 D0S8 D0S16 D16S0 D16S1 D16S4 D16S8 D16S16 D24S0 D24S1 D24S4 D24S8 D24S16 D32S0 D32S1 D32S4 D32S8 D32S16 Packed-D24S8 
21:35:26: FBO PF_A2B10G10R10 depth/stencil support: D0S0 D0S1 D0S4 D0S8 D0S16 D16S0 D16S1 D16S4 D16S8 D16S16 D24S0 D24S1 D24S4 D24S8 D24S16 D32S0 D32S1 D32S4 D32S8 D32S16 Packed-D24S8 
21:35:26: FBO PF_FLOAT16_RGB depth/stencil support: D0S0 D0S1 D0S4 D0S8 D0S16 D16S0 D16S1 D16S4 D16S8 D16S16 D24S0 D24S1 D24S4 D24S8 D24S16 D32S0 D32S1 D32S4 D32S8 D32S16 Packed-D24S8 
21:35:26: FBO PF_FLOAT16_RGBA depth/stencil support: D0S0 D0S1 D0S4 D0S8 D0S16 D16S0 D16S1 D16S4 D16S8 D16S16 D24S0 D24S1 D24S4 D24S8 D24S16 D32S0 D32S1 D32S4 D32S8 D32S16 Packed-D24S8 
21:35:26: FBO PF_FLOAT32_RGB depth/stencil support: D0S0 D0S1 D0S4 D0S8 D0S16 D16S0 D16S1 D16S4 D16S8 D16S16 D24S0 D24S1 D24S4 D24S8 D24S16 D32S0 D32S1 D32S4 D32S8 D32S16 Packed-D24S8 
21:35:26: FBO PF_FLOAT32_RGBA depth/stencil support: D0S0 D0S1 D0S4 D0S8 D0S16 D16S0 D16S1 D16S4 D16S8 D16S16 D24S0 D24S1 D24S4 D24S8 D24S16 D32S0 D32S1 D32S4 D32S8 D32S16 Packed-D24S8 
21:35:26: FBO PF_X8R8G8B8 depth/stencil support: D0S0 D0S1 D0S4 D0S8 D0S16 D16S0 D16S1 D16S4 D16S8 D16S16 D24S0 D24S1 D24S4 D24S8 D24S16 D32S0 D32S1 D32S4 D32S8 D32S16 Packed-D24S8 
21:35:26: FBO PF_X8B8G8R8 depth/stencil support: D0S0 D0S1 D0S4 D0S8 D0S16 D16S0 D16S1 D16S4 D16S8 D16S16 D24S0 D24S1 D24S4 D24S8 D24S16 D32S0 D32S1 D32S4 D32S8 D32S16 Packed-D24S8 
21:35:26: FBO PF_SHORT_RGBA depth/stencil support: D0S0 D0S1 D0S4 D0S8 D0S16 D16S0 D16S1 D16S4 D16S8 D16S16 D24S0 D24S1 D24S4 D24S8 D24S16 D32S0 D32S1 D32S4 D32S8 D32S16 Packed-D24S8 
21:35:26: FBO PF_R3G3B2 depth/stencil support: D0S0 D0S1 D0S4 D0S8 D0S16 D16S0 D16S1 D16S4 D16S8 D16S16 D24S0 D24S1 D24S4 D24S8 D24S16 D32S0 D32S1 D32S4 D32S8 D32S16 Packed-D24S8 
21:35:26: FBO PF_FLOAT16_R depth/stencil support: D0S0 D0S1 D0S4 D0S8 D0S16 D16S0 D16S1 D16S4 D16S8 D16S16 D24S0 D24S1 D24S4 D24S8 D24S16 D32S0 D32S1 D32S4 D32S8 D32S16 Packed-D24S8 
21:35:26: FBO PF_FLOAT32_R depth/stencil support: D0S0 D0S1 D0S4 D0S8 D0S16 D16S0 D16S1 D16S4 D16S8 D16S16 D24S0 D24S1 D24S4 D24S8 D24S16 D32S0 D32S1 D32S4 D32S8 D32S16 Packed-D24S8 
21:35:26: FBO PF_SHORT_RGB depth/stencil support: D0S0 D0S1 D0S4 D0S8 D0S16 D16S0 D16S1 D16S4 D16S8 D16S16 D24S0 D24S1 D24S4 D24S8 D24S16 D32S0 D32S1 D32S4 D32S8 D32S16 Packed-D24S8 
21:35:26: [GL] : Valid FBO targets PF_UNKNOWN PF_A8 PF_R5G6B5 PF_B5G6R5 PF_A4R4G4B4 PF_A1R5G5B5 PF_R8G8B8 PF_B8G8R8 PF_A8R8G8B8 PF_B8G8R8A8 PF_A2R10G10B10 PF_A2B10G10R10 PF_FLOAT16_RGB PF_FLOAT16_RGBA PF_FLOAT32_RGB PF_FLOAT32_RGBA PF_X8R8G8B8 PF_X8B8G8R8 PF_SHORT_RGBA PF_R3G3B2 PF_FLOAT16_R PF_FLOAT32_R PF_SHORT_RGB 
21:35:26: RenderSystem capabilities
21:35:26: -------------------------
21:35:26: RenderSystem Name: OpenGL Rendering Subsystem
21:35:26: GPU Vendor: unknown
21:35:26: Device Name: Mesa DRI Intel(R) Ivybridge Mobile 
21:35:26: Driver Version: 3.0.0.0
21:35:26:  * Fixed function pipeline: yes
21:35:26:  * Hardware generation of mipmaps: yes
21:35:26:  * Texture blending: yes
21:35:26:  * Anisotropic texture filtering: yes
21:35:26:  * Dot product texture operation: yes
21:35:26:  * Cube mapping: yes
21:35:26:  * Hardware stencil buffer: yes
21:35:26:    - Stencil depth: 8
21:35:26:    - Two sided stencil support: yes
21:35:26:    - Wrap stencil values: yes
21:35:26:  * Hardware vertex / index buffers: yes
21:35:26:  * Vertex programs: yes
21:35:26:  * Number of floating-point constants for vertex programs: 4096
21:35:26:  * Number of integer constants for vertex programs: 0
21:35:26:  * Number of boolean constants for vertex programs: 0
21:35:26:  * Fragment programs: yes
21:35:26:  * Number of floating-point constants for fragment programs: 4096
21:35:26:  * Number of integer constants for fragment programs: 0
21:35:26:  * Number of boolean constants for fragment programs: 0
21:35:26:  * Geometry programs: no
21:35:26:  * Number of floating-point constants for geometry programs: 0
21:35:26:  * Number of integer constants for geometry programs: 0
21:35:26:  * Number of boolean constants for geometry programs: 0
21:35:26:  * Supported Shader Profiles: arbfp1 arbvp1 glsl
21:35:26:  * Texture Compression: yes
21:35:26:    - DXT: no
21:35:26:    - VTC: no
21:35:26:    - PVRTC: no
21:35:26:  * Scissor Rectangle: yes
21:35:26:  * Hardware Occlusion Query: yes
21:35:26:  * User clip planes: yes
21:35:26:  * VET_UBYTE4 vertex element type: yes
21:35:26:  * Infinite far plane projection: yes
21:35:26:  * Hardware render-to-texture: yes
21:35:26:  * Floating point textures: yes
21:35:26:  * Non-power-of-two textures: yes
21:35:26:  * Volume textures: yes
21:35:26:  * Multiple Render Targets: 8
21:35:26:    - With different bit depths: yes
21:35:26:  * Point Sprites: yes
21:35:26:  * Extended point parameters: yes
21:35:26:  * Max Point Size: 255
21:35:26:  * Vertex texture fetch: yes
21:35:26:  * Number of world matrices: 0
21:35:26:  * Number of texture units: 16
21:35:26:  * Stencil buffer depth: 8
21:35:26:  * Number of vertex blend matrices: 0
21:35:26:    - Max vertex textures: 16
21:35:26:    - Vertex textures shared: yes
21:35:26:  * Render to Vertex Buffer : no
21:35:26:  * GL 1.5 without VBO workaround: no
21:35:26:  * Frame Buffer objects: yes
21:35:26:  * Frame Buffer objects (ARB extension): no
21:35:26:  * Frame Buffer objects (ATI extension): no
21:35:26:  * PBuffer support: yes
21:35:26:  * GL 1.5 without HW-occlusion workaround: no
21:35:26: Registering ResourceManager for type Texture
21:35:26: DefaultWorkQueue('Root') initialising on thread 0x2a6e3e0.
21:35:26: DefaultWorkQueue('Root')::WorkerFunc - thread 0x3323660 starting.
21:35:26: DefaultWorkQueue('Root')::WorkerFunc - thread 0x33272f0 starting.
21:35:26: DefaultWorkQueue('Root')::WorkerFunc - thread 0x3304c50 starting.
21:35:26: DefaultWorkQueue('Root')::WorkerFunc - thread 0x3141e90 starting.
21:35:26: DefaultWorkQueue('Root')::WorkerFunc - thread 0x3324420 starting.
21:35:26: DefaultWorkQueue('Root')::WorkerFunc - thread 0x3324780 starting.
21:35:26: DefaultWorkQueue('Root')::WorkerFunc - thread 0x3324ac0 starting.
21:35:26: DefaultWorkQueue('Root')::WorkerFunc - thread 0x3324e20 starting.
21:35:26: Particle Renderer Type 'billboard' registered
21:35:26: SceneManagerFactory for type 'OctreeSceneManager' registered.
21:35:26: SceneManagerFactory for type 'TerrainSceneManager' registered.
21:35:26: Parsing scripts for resource group Autodetect
21:35:26: Finished parsing scripts for resource group Autodetect
21:35:26: Parsing scripts for resource group General
21:35:26: Finished parsing scripts for resource group General
21:35:26: Parsing scripts for resource group Internal
21:35:26: Finished parsing scripts for resource group Internal
21:35:26: Parsing scripts for resource group rviz
21:35:26: Parsing script point_cloud_box.program
21:35:27: Parsing script depth.program
21:35:27: Parsing script point_cloud_point.program
21:35:27: Parsing script point_cloud_sprite.program
21:35:27: Parsing script passthrough.program
21:35:27: Parsing script point_cloud_billboard.program
21:35:27: Parsing script point_cloud_billboard.material
21:35:27: Parsing script point_cloud_point.material
21:35:27: Parsing script point_cloud_box.material
21:35:27: Parsing script arial.fontdef
21:35:27: Finished parsing scripts for resource group rviz
21:35:27: GLRenderSystem::_createRenderWindow "OgreWindow(1)", 100x30 windowed  miscParams: externalGLControl= macAPI=carbon parentWindowHandle=92274717 
21:35:27: GLXWindow::create used FBConfigID = 117
21:35:27: Mesh: Loading rviz_sphere.mesh.
21:35:27: WARNING: rviz_sphere.mesh is an older format ([MeshSerializer_v1.40]); you should upgrade it as soon as possible using the OgreMeshUpgrade tool.
21:35:27: Mesh: Loading rviz_cylinder.mesh.
21:35:27: WARNING: rviz_cylinder.mesh is an older format ([MeshSerializer_v1.40]); you should upgrade it as soon as possible using the OgreMeshUpgrade tool.
21:35:27: Mesh: Loading rviz_cone.mesh.
21:35:27: WARNING: rviz_cone.mesh is an older format ([MeshSerializer_v1.40]); you should upgrade it as soon as possible using the OgreMeshUpgrade tool.
21:35:27: Texture: SelectionRect0Texture: Loading 1 faces(PF_R8G8B8A8,1x1x1) with  hardware generated mipmaps from Image. Internal format is PF_A8R8G8B8,1x1x1.
21:35:27: Texture: SelectionManagerFallbackMaterialPickTexture: Loading 1 faces(PF_R8G8B8,1x1x1) with  hardware generated mipmaps from Image. Internal format is PF_X8R8G8B8,1x1x1.
